f:\10000\demoabstractfactory\demoabstractfactory\debug\vc120.pdb
f:\10000\demoabstractfactory\demoabstractfactory\debug\vc120.idb
f:\10000\demoabstractfactory\demoabstractfactory\debug\abstractfactory.obj
f:\10000\demoabstractfactory\demoabstractfactory\debug\caybang.obj
f:\10000\demoabstractfactory\demoabstractfactory\debug\caylua.obj
f:\10000\demoabstractfactory\demoabstractfactory\debug\dongvat.obj
f:\10000\demoabstractfactory\demoabstractfactory\debug\dongvatfactory.obj
f:\10000\demoabstractfactory\demoabstractfactory\debug\sinhvat.obj
f:\10000\demoabstractfactory\demoabstractfactory\debug\source.obj
f:\10000\demoabstractfactory\demoabstractfactory\debug\thucvat.obj
f:\10000\demoabstractfactory\demoabstractfactory\debug\thucvatfactory.obj
f:\10000\demoabstractfactory\demoabstractfactory\debug\concho.obj
f:\10000\demoabstractfactory\demoabstractfactory\debug\conga.obj
f:\10000\demoabstractfactory\debug\demoabstractfactory.ilk
f:\10000\demoabstractfactory\debug\demoabstractfactory.exe
f:\10000\demoabstractfactory\debug\demoabstractfactory.pdb
f:\10000\demoabstractfactory\demoabstractfactory\debug\demoabstractfactory.res
f:\10000\demoabstractfactory\demoabstractfactory\debug\demoabst.ffdb2537.tlog\cl.command.1.tlog
f:\10000\demoabstractfactory\demoabstractfactory\debug\demoabst.ffdb2537.tlog\cl.read.1.tlog
f:\10000\demoabstractfactory\demoabstractfactory\debug\demoabst.ffdb2537.tlog\cl.write.1.tlog
f:\10000\demoabstractfactory\demoabstractfactory\debug\demoabst.ffdb2537.tlog\link.command.1.tlog
f:\10000\demoabstractfactory\demoabstractfactory\debug\demoabst.ffdb2537.tlog\link.read.1.tlog
f:\10000\demoabstractfactory\demoabstractfactory\debug\demoabst.ffdb2537.tlog\link.write.1.tlog
f:\10000\demoabstractfactory\demoabstractfactory\debug\demoabst.ffdb2537.tlog\rc.command.1.tlog
f:\10000\demoabstractfactory\demoabstractfactory\debug\demoabst.ffdb2537.tlog\rc.read.1.tlog
f:\10000\demoabstractfactory\demoabstractfactory\debug\demoabst.ffdb2537.tlog\rc.write.1.tlog
